14-Apr-2026 11:53:21.638 INFO [main] org.apache.catalina.startup.VersionLoggerListener.log Server version name:   Apache Tomcat/9.0.117
14-Apr-2026 11:53:21.642 INFO [main] org.apache.catalina.startup.VersionLoggerListener.log Server built:          Mar 30 2026 18:21:16 UTC
14-Apr-2026 11:53:21.644 INFO [main] org.apache.catalina.startup.VersionLoggerListener.log Server version number: 9.0.117.0
14-Apr-2026 11:53:21.644 INFO [main] org.apache.catalina.startup.VersionLoggerListener.log OS Name:               Windows 11
14-Apr-2026 11:53:21.644 INFO [main] org.apache.catalina.startup.VersionLoggerListener.log OS Version:            10.0
14-Apr-2026 11:53:21.644 INFO [main] org.apache.catalina.startup.VersionLoggerListener.log Architecture:          amd64
14-Apr-2026 11:53:21.644 INFO [main] org.apache.catalina.startup.VersionLoggerListener.log Java Home:             C:\Users\Aditya Karodiwal\java\jdk-21.0.3+9
14-Apr-2026 11:53:21.644 INFO [main] org.apache.catalina.startup.VersionLoggerListener.log JVM Version:           21.0.3+9-LTS
14-Apr-2026 11:53:21.644 INFO [main] org.apache.catalina.startup.VersionLoggerListener.log JVM Vendor:            Eclipse Adoptium
14-Apr-2026 11:53:21.644 INFO [main] org.apache.catalina.startup.VersionLoggerListener.log CATALINA_BASE:         F:\JSP\apache-tomcat-9.0.117
14-Apr-2026 11:53:21.645 INFO [main] org.apache.catalina.startup.VersionLoggerListener.log CATALINA_HOME:         F:\JSP\apache-tomcat-9.0.117
14-Apr-2026 11:53:21.664 INFO [main] org.apache.catalina.startup.VersionLoggerListener.log Command line argument: -Djava.util.logging.config.file=F:\JSP\apache-tomcat-9.0.117/conf/logging.properties
14-Apr-2026 11:53:21.664 INFO [main] org.apache.catalina.startup.VersionLoggerListener.log Command line argument: -Djava.util.logging.manager=org.apache.juli.ClassLoaderLogManager
14-Apr-2026 11:53:21.664 INFO [main] org.apache.catalina.startup.VersionLoggerListener.log Command line argument: -Djdk.tls.ephemeralDHKeySize=2048
14-Apr-2026 11:53:21.664 INFO [main] org.apache.catalina.startup.VersionLoggerListener.log Command line argument: -Djava.protocol.handler.pkgs=org.apache.catalina.webresources
14-Apr-2026 11:53:21.664 INFO [main] org.apache.catalina.startup.VersionLoggerListener.log Command line argument: -Dorg.apache.catalina.security.SecurityListener.UMASK=0027
14-Apr-2026 11:53:21.665 INFO [main] org.apache.catalina.startup.VersionLoggerListener.log Command line argument: -Dcatalina.base=F:\JSP\apache-tomcat-9.0.117
14-Apr-2026 11:53:21.665 INFO [main] org.apache.catalina.startup.VersionLoggerListener.log Command line argument: -Dcatalina.home=f:\JSP\apache-tomcat-9.0.117
14-Apr-2026 11:53:21.665 INFO [main] org.apache.catalina.startup.VersionLoggerListener.log Command line argument: -Djava.io.tmpdir=F:\JSP\apache-tomcat-9.0.117/temp
14-Apr-2026 11:53:21.671 INFO [main] org.apache.catalina.core.AprLifecycleListener.lifecycleEvent Loaded Apache Tomcat Native library [1.3.7] using APR version [1.7.6].
14-Apr-2026 11:53:21.672 INFO [main] org.apache.catalina.core.AprLifecycleListener.lifecycleEvent APR capabilities: IPv6 [true], sendfile [true], accept filters [false], random [true], UDS [true].
14-Apr-2026 11:53:21.672 INFO [main] org.apache.catalina.core.AprLifecycleListener.lifecycleEvent APR/OpenSSL configuration: useAprConnector [false], useOpenSSL [true]
14-Apr-2026 11:53:21.682 INFO [main] org.apache.catalina.core.AprLifecycleListener.initializeSSL OpenSSL successfully initialized [OpenSSL 3.0.19 27 Jan 2026]
14-Apr-2026 11:53:22.085 INFO [main] org.apache.coyote.AbstractProtocol.init Initializing ProtocolHandler ["http-nio-8080"]
14-Apr-2026 11:53:22.112 INFO [main] org.apache.catalina.startup.Catalina.load Server initialization in [647] milliseconds
14-Apr-2026 11:53:22.167 INFO [main] org.apache.catalina.core.StandardService.startInternal Starting service [Catalina]
14-Apr-2026 11:53:22.167 INFO [main] org.apache.catalina.core.StandardEngine.startInternal Starting Servlet engine: [Apache Tomcat/9.0.117]
14-Apr-2026 11:53:22.176 INFO [main] org.apache.catalina.startup.HostConfig.deployDirectory Deploying web application directory [F:\JSP\apache-tomcat-9.0.117\webapps\docs]
14-Apr-2026 11:53:22.501 INFO [main] org.apache.catalina.startup.HostConfig.deployDirectory Deployment of web application directory [F:\JSP\apache-tomcat-9.0.117\webapps\docs] has finished in [324] ms
14-Apr-2026 11:53:22.502 INFO [main] org.apache.catalina.startup.HostConfig.deployDirectory Deploying web application directory [F:\JSP\apache-tomcat-9.0.117\webapps\examples]
14-Apr-2026 11:53:22.859 INFO [main] org.apache.catalina.startup.HostConfig.deployDirectory Deployment of web application directory [F:\JSP\apache-tomcat-9.0.117\webapps\examples] has finished in [358] ms
14-Apr-2026 11:53:22.859 INFO [main] org.apache.catalina.startup.HostConfig.deployDirectory Deploying web application directory [F:\JSP\apache-tomcat-9.0.117\webapps\host-manager]
14-Apr-2026 11:53:22.899 INFO [main] org.apache.catalina.startup.HostConfig.deployDirectory Deployment of web application directory [F:\JSP\apache-tomcat-9.0.117\webapps\host-manager] has finished in [40] ms
14-Apr-2026 11:53:22.899 INFO [main] org.apache.catalina.startup.HostConfig.deployDirectory Deploying web application directory [F:\JSP\apache-tomcat-9.0.117\webapps\manager]
14-Apr-2026 11:53:22.935 INFO [main] org.apache.catalina.startup.HostConfig.deployDirectory Deployment of web application directory [F:\JSP\apache-tomcat-9.0.117\webapps\manager] has finished in [36] ms
14-Apr-2026 11:53:22.935 INFO [main] org.apache.catalina.startup.HostConfig.deployDirectory Deploying web application directory [F:\JSP\apache-tomcat-9.0.117\webapps\MyApp]
14-Apr-2026 11:53:22.972 INFO [main] org.apache.catalina.startup.HostConfig.deployDirectory Deployment of web application directory [F:\JSP\apache-tomcat-9.0.117\webapps\MyApp] has finished in [37] ms
14-Apr-2026 11:53:22.973 INFO [main] org.apache.catalina.startup.HostConfig.deployDirectory Deploying web application directory [F:\JSP\apache-tomcat-9.0.117\webapps\ROOT]
14-Apr-2026 11:53:22.996 INFO [main] org.apache.catalina.startup.HostConfig.deployDirectory Deployment of web application directory [F:\JSP\apache-tomcat-9.0.117\webapps\ROOT] has finished in [22] ms
14-Apr-2026 11:53:23.005 INFO [main] org.apache.coyote.AbstractProtocol.start Starting ProtocolHandler ["http-nio-8080"]
14-Apr-2026 11:53:23.038 INFO [main] org.apache.catalina.startup.Catalina.start Server startup in [924] milliseconds
14-Apr-2026 12:01:13.525 INFO [Catalina-utility-1] org.apache.catalina.startup.HostConfig.deployDirectory Deploying web application directory [F:\JSP\apache-tomcat-9.0.117\webapps\PharmacyApp]
14-Apr-2026 12:01:13.551 INFO [Catalina-utility-1] org.apache.catalina.startup.HostConfig.deployDirectory Deployment of web application directory [F:\JSP\apache-tomcat-9.0.117\webapps\PharmacyApp] has finished in [26] ms
14-Apr-2026 12:03:13.691 INFO [Catalina-utility-2] org.apache.catalina.startup.HostConfig.reload Reloading context [/PharmacyApp]
14-Apr-2026 12:03:13.691 INFO [Catalina-utility-2] org.apache.catalina.core.StandardContext.reload Reloading Context with name [/PharmacyApp] has started
14-Apr-2026 12:03:13.695 WARNING [Catalina-utility-2] org.apache.catalina.loader.WebappClassLoaderBase.checkThreadLocalsForLeaks When running on Java 9 or later you need to add "--add-opens=java.base/java.lang=ALL-UNNAMED" to the JVM command line arguments to enable ThreadLocal memory leak detection. Alternatively, you can suppress this warning by disabling ThreadLocal memory leak detection.
14-Apr-2026 12:03:13.701 WARNING [Catalina-utility-2] org.apache.catalina.loader.WebappClassLoaderBase.clearReferencesRmiTargets When running on Java 9 or later you need to add "--add-opens=java.rmi/sun.rmi.transport=ALL-UNNAMED" to the JVM command line arguments to enable RMI Target memory leak detection. Alternatively, you can suppress this warning by disabling RMI Target memory leak detection.
14-Apr-2026 12:03:13.717 INFO [Catalina-utility-2] org.apache.catalina.core.StandardContext.reload Reloading Context with name [/PharmacyApp] is completed
14-Apr-2026 12:14:24.406 INFO [Catalina-utility-2] org.apache.catalina.startup.HostConfig.reload Reloading context [/PharmacyApp]
14-Apr-2026 12:14:24.406 INFO [Catalina-utility-2] org.apache.catalina.core.StandardContext.reload Reloading Context with name [/PharmacyApp] has started
14-Apr-2026 12:14:24.410 WARNING [Catalina-utility-2] org.apache.catalina.loader.WebappClassLoaderBase.checkThreadLocalsForLeaks When running on Java 9 or later you need to add "--add-opens=java.base/java.lang=ALL-UNNAMED" to the JVM command line arguments to enable ThreadLocal memory leak detection. Alternatively, you can suppress this warning by disabling ThreadLocal memory leak detection.
14-Apr-2026 12:14:24.411 WARNING [Catalina-utility-2] org.apache.catalina.loader.WebappClassLoaderBase.clearReferencesRmiTargets When running on Java 9 or later you need to add "--add-opens=java.rmi/sun.rmi.transport=ALL-UNNAMED" to the JVM command line arguments to enable RMI Target memory leak detection. Alternatively, you can suppress this warning by disabling RMI Target memory leak detection.
14-Apr-2026 12:14:24.428 INFO [Catalina-utility-2] org.apache.catalina.core.StandardContext.reload Reloading Context with name [/PharmacyApp] is completed
14-Apr-2026 12:15:53.426 INFO [main] org.apache.catalina.core.StandardServer.await A valid shutdown command was received via the shutdown port. Stopping the Server instance.
14-Apr-2026 12:15:53.426 INFO [main] org.apache.coyote.AbstractProtocol.pause Pausing ProtocolHandler ["http-nio-8080"]
14-Apr-2026 12:15:53.446 INFO [main] org.apache.catalina.core.StandardService.stopInternal Stopping service [Catalina]
14-Apr-2026 12:15:53.451 WARNING [main] org.apache.catalina.loader.WebappClassLoaderBase.checkThreadLocalsForLeaks When running on Java 9 or later you need to add "--add-opens=java.base/java.lang=ALL-UNNAMED" to the JVM command line arguments to enable ThreadLocal memory leak detection. Alternatively, you can suppress this warning by disabling ThreadLocal memory leak detection.
14-Apr-2026 12:15:53.451 WARNING [main] org.apache.catalina.loader.WebappClassLoaderBase.clearReferencesRmiTargets When running on Java 9 or later you need to add "--add-opens=java.rmi/sun.rmi.transport=ALL-UNNAMED" to the JVM command line arguments to enable RMI Target memory leak detection. Alternatively, you can suppress this warning by disabling RMI Target memory leak detection.
14-Apr-2026 12:15:53.455 WARNING [main] org.apache.catalina.loader.WebappClassLoaderBase.checkThreadLocalsForLeaks When running on Java 9 or later you need to add "--add-opens=java.base/java.lang=ALL-UNNAMED" to the JVM command line arguments to enable ThreadLocal memory leak detection. Alternatively, you can suppress this warning by disabling ThreadLocal memory leak detection.
14-Apr-2026 12:15:53.455 WARNING [main] org.apache.catalina.loader.WebappClassLoaderBase.clearReferencesRmiTargets When running on Java 9 or later you need to add "--add-opens=java.rmi/sun.rmi.transport=ALL-UNNAMED" to the JVM command line arguments to enable RMI Target memory leak detection. Alternatively, you can suppress this warning by disabling RMI Target memory leak detection.
14-Apr-2026 12:15:53.459 WARNING [main] org.apache.catalina.loader.WebappClassLoaderBase.checkThreadLocalsForLeaks When running on Java 9 or later you need to add "--add-opens=java.base/java.lang=ALL-UNNAMED" to the JVM command line arguments to enable ThreadLocal memory leak detection. Alternatively, you can suppress this warning by disabling ThreadLocal memory leak detection.
14-Apr-2026 12:15:53.459 WARNING [main] org.apache.catalina.loader.WebappClassLoaderBase.clearReferencesRmiTargets When running on Java 9 or later you need to add "--add-opens=java.rmi/sun.rmi.transport=ALL-UNNAMED" to the JVM command line arguments to enable RMI Target memory leak detection. Alternatively, you can suppress this warning by disabling RMI Target memory leak detection.
14-Apr-2026 12:15:53.462 WARNING [main] org.apache.catalina.loader.WebappClassLoaderBase.checkThreadLocalsForLeaks When running on Java 9 or later you need to add "--add-opens=java.base/java.lang=ALL-UNNAMED" to the JVM command line arguments to enable ThreadLocal memory leak detection. Alternatively, you can suppress this warning by disabling ThreadLocal memory leak detection.
14-Apr-2026 12:15:53.462 WARNING [main] org.apache.catalina.loader.WebappClassLoaderBase.clearReferencesRmiTargets When running on Java 9 or later you need to add "--add-opens=java.rmi/sun.rmi.transport=ALL-UNNAMED" to the JVM command line arguments to enable RMI Target memory leak detection. Alternatively, you can suppress this warning by disabling RMI Target memory leak detection.
14-Apr-2026 12:15:53.463 WARNING [main] org.apache.catalina.loader.WebappClassLoaderBase.checkThreadLocalsForLeaks When running on Java 9 or later you need to add "--add-opens=java.base/java.lang=ALL-UNNAMED" to the JVM command line arguments to enable ThreadLocal memory leak detection. Alternatively, you can suppress this warning by disabling ThreadLocal memory leak detection.
14-Apr-2026 12:15:53.464 WARNING [main] org.apache.catalina.loader.WebappClassLoaderBase.clearReferencesRmiTargets When running on Java 9 or later you need to add "--add-opens=java.rmi/sun.rmi.transport=ALL-UNNAMED" to the JVM command line arguments to enable RMI Target memory leak detection. Alternatively, you can suppress this warning by disabling RMI Target memory leak detection.
14-Apr-2026 12:15:53.487 WARNING [main] org.apache.catalina.loader.WebappClassLoaderBase.checkThreadLocalsForLeaks When running on Java 9 or later you need to add "--add-opens=java.base/java.lang=ALL-UNNAMED" to the JVM command line arguments to enable ThreadLocal memory leak detection. Alternatively, you can suppress this warning by disabling ThreadLocal memory leak detection.
14-Apr-2026 12:15:53.488 WARNING [main] org.apache.catalina.loader.WebappClassLoaderBase.clearReferencesRmiTargets When running on Java 9 or later you need to add "--add-opens=java.rmi/sun.rmi.transport=ALL-UNNAMED" to the JVM command line arguments to enable RMI Target memory leak detection. Alternatively, you can suppress this warning by disabling RMI Target memory leak detection.
14-Apr-2026 12:15:53.490 WARNING [main] org.apache.catalina.loader.WebappClassLoaderBase.checkThreadLocalsForLeaks When running on Java 9 or later you need to add "--add-opens=java.base/java.lang=ALL-UNNAMED" to the JVM command line arguments to enable ThreadLocal memory leak detection. Alternatively, you can suppress this warning by disabling ThreadLocal memory leak detection.
14-Apr-2026 12:15:53.490 WARNING [main] org.apache.catalina.loader.WebappClassLoaderBase.clearReferencesRmiTargets When running on Java 9 or later you need to add "--add-opens=java.rmi/sun.rmi.transport=ALL-UNNAMED" to the JVM command line arguments to enable RMI Target memory leak detection. Alternatively, you can suppress this warning by disabling RMI Target memory leak detection.
14-Apr-2026 12:15:53.490 INFO [main] org.apache.coyote.AbstractProtocol.stop Stopping ProtocolHandler ["http-nio-8080"]
14-Apr-2026 12:15:53.503 INFO [main] org.apache.coyote.AbstractProtocol.destroy Destroying ProtocolHandler ["http-nio-8080"]
14-Apr-2026 12:21:17.227 INFO [main] org.apache.catalina.startup.VersionLoggerListener.log Server version name:   Apache Tomcat/9.0.117
14-Apr-2026 12:21:17.232 INFO [main] org.apache.catalina.startup.VersionLoggerListener.log Server built:          Mar 30 2026 18:21:16 UTC
14-Apr-2026 12:21:17.232 INFO [main] org.apache.catalina.startup.VersionLoggerListener.log Server version number: 9.0.117.0
14-Apr-2026 12:21:17.232 INFO [main] org.apache.catalina.startup.VersionLoggerListener.log OS Name:               Windows 11
14-Apr-2026 12:21:17.232 INFO [main] org.apache.catalina.startup.VersionLoggerListener.log OS Version:            10.0
14-Apr-2026 12:21:17.232 INFO [main] org.apache.catalina.startup.VersionLoggerListener.log Architecture:          amd64
14-Apr-2026 12:21:17.232 INFO [main] org.apache.catalina.startup.VersionLoggerListener.log Java Home:             C:\Users\Aditya Karodiwal\java\jdk-21.0.3+9
14-Apr-2026 12:21:17.233 INFO [main] org.apache.catalina.startup.VersionLoggerListener.log JVM Version:           21.0.3+9-LTS
14-Apr-2026 12:21:17.233 INFO [main] org.apache.catalina.startup.VersionLoggerListener.log JVM Vendor:            Eclipse Adoptium
14-Apr-2026 12:21:17.233 INFO [main] org.apache.catalina.startup.VersionLoggerListener.log CATALINA_BASE:         F:\JSP\apache-tomcat-9.0.117
14-Apr-2026 12:21:17.233 INFO [main] org.apache.catalina.startup.VersionLoggerListener.log CATALINA_HOME:         F:\JSP\apache-tomcat-9.0.117
14-Apr-2026 12:21:17.249 INFO [main] org.apache.catalina.startup.VersionLoggerListener.log Command line argument: -Djava.util.logging.config.file=F:\JSP\apache-tomcat-9.0.117/conf/logging.properties
14-Apr-2026 12:21:17.249 INFO [main] org.apache.catalina.startup.VersionLoggerListener.log Command line argument: -Djava.util.logging.manager=org.apache.juli.ClassLoaderLogManager
14-Apr-2026 12:21:17.249 INFO [main] org.apache.catalina.startup.VersionLoggerListener.log Command line argument: -Djdk.tls.ephemeralDHKeySize=2048
14-Apr-2026 12:21:17.249 INFO [main] org.apache.catalina.startup.VersionLoggerListener.log Command line argument: -Djava.protocol.handler.pkgs=org.apache.catalina.webresources
14-Apr-2026 12:21:17.249 INFO [main] org.apache.catalina.startup.VersionLoggerListener.log Command line argument: -Dorg.apache.catalina.security.SecurityListener.UMASK=0027
14-Apr-2026 12:21:17.249 INFO [main] org.apache.catalina.startup.VersionLoggerListener.log Command line argument: -Dcatalina.base=F:\JSP\apache-tomcat-9.0.117
14-Apr-2026 12:21:17.249 INFO [main] org.apache.catalina.startup.VersionLoggerListener.log Command line argument: -Dcatalina.home=f:\JSP\apache-tomcat-9.0.117
14-Apr-2026 12:21:17.249 INFO [main] org.apache.catalina.startup.VersionLoggerListener.log Command line argument: -Djava.io.tmpdir=F:\JSP\apache-tomcat-9.0.117/temp
14-Apr-2026 12:21:17.255 INFO [main] org.apache.catalina.core.AprLifecycleListener.lifecycleEvent Loaded Apache Tomcat Native library [1.3.7] using APR version [1.7.6].
14-Apr-2026 12:21:17.255 INFO [main] org.apache.catalina.core.AprLifecycleListener.lifecycleEvent APR capabilities: IPv6 [true], sendfile [true], accept filters [false], random [true], UDS [true].
14-Apr-2026 12:21:17.256 INFO [main] org.apache.catalina.core.AprLifecycleListener.lifecycleEvent APR/OpenSSL configuration: useAprConnector [false], useOpenSSL [true]
14-Apr-2026 12:21:17.264 INFO [main] org.apache.catalina.core.AprLifecycleListener.initializeSSL OpenSSL successfully initialized [OpenSSL 3.0.19 27 Jan 2026]
14-Apr-2026 12:21:17.622 INFO [main] org.apache.coyote.AbstractProtocol.init Initializing ProtocolHandler ["http-nio-8080"]
14-Apr-2026 12:21:17.651 INFO [main] org.apache.catalina.startup.Catalina.load Server initialization in [587] milliseconds
14-Apr-2026 12:21:17.705 INFO [main] org.apache.catalina.core.StandardService.startInternal Starting service [Catalina]
14-Apr-2026 12:21:17.705 INFO [main] org.apache.catalina.core.StandardEngine.startInternal Starting Servlet engine: [Apache Tomcat/9.0.117]
14-Apr-2026 12:21:17.715 INFO [main] org.apache.catalina.startup.HostConfig.deployDirectory Deploying web application directory [F:\JSP\apache-tomcat-9.0.117\webapps\docs]
14-Apr-2026 12:21:18.238 INFO [main] org.apache.jasper.servlet.TldScanner.scanJars At least one JAR was scanned for TLDs yet contained no TLDs. Enable debug logging for this logger for a complete list of JARs that were scanned but no TLDs were found in them. Skipping unneeded JARs during scanning can improve startup time and JSP compilation time.
14-Apr-2026 12:21:18.302 INFO [main] org.apache.catalina.startup.HostConfig.deployDirectory Deployment of web application directory [F:\JSP\apache-tomcat-9.0.117\webapps\docs] has finished in [587] ms
14-Apr-2026 12:21:18.304 INFO [main] org.apache.catalina.startup.HostConfig.deployDirectory Deploying web application directory [F:\JSP\apache-tomcat-9.0.117\webapps\examples]
14-Apr-2026 12:21:18.794 INFO [main] org.apache.jasper.servlet.TldScanner.scanJars At least one JAR was scanned for TLDs yet contained no TLDs. Enable debug logging for this logger for a complete list of JARs that were scanned but no TLDs were found in them. Skipping unneeded JARs during scanning can improve startup time and JSP compilation time.
14-Apr-2026 12:21:18.846 INFO [main] org.apache.catalina.startup.HostConfig.deployDirectory Deployment of web application directory [F:\JSP\apache-tomcat-9.0.117\webapps\examples] has finished in [541] ms
14-Apr-2026 12:21:18.846 INFO [main] org.apache.catalina.startup.HostConfig.deployDirectory Deploying web application directory [F:\JSP\apache-tomcat-9.0.117\webapps\host-manager]
14-Apr-2026 12:21:19.047 INFO [main] org.apache.jasper.servlet.TldScanner.scanJars At least one JAR was scanned for TLDs yet contained no TLDs. Enable debug logging for this logger for a complete list of JARs that were scanned but no TLDs were found in them. Skipping unneeded JARs during scanning can improve startup time and JSP compilation time.
14-Apr-2026 12:21:19.057 INFO [main] org.apache.catalina.startup.HostConfig.deployDirectory Deployment of web application directory [F:\JSP\apache-tomcat-9.0.117\webapps\host-manager] has finished in [211] ms
14-Apr-2026 12:21:19.057 INFO [main] org.apache.catalina.startup.HostConfig.deployDirectory Deploying web application directory [F:\JSP\apache-tomcat-9.0.117\webapps\manager]
14-Apr-2026 12:21:19.252 INFO [main] org.apache.jasper.servlet.TldScanner.scanJars At least one JAR was scanned for TLDs yet contained no TLDs. Enable debug logging for this logger for a complete list of JARs that were scanned but no TLDs were found in them. Skipping unneeded JARs during scanning can improve startup time and JSP compilation time.
14-Apr-2026 12:21:19.256 INFO [main] org.apache.catalina.startup.HostConfig.deployDirectory Deployment of web application directory [F:\JSP\apache-tomcat-9.0.117\webapps\manager] has finished in [198] ms
14-Apr-2026 12:21:19.256 INFO [main] org.apache.catalina.startup.HostConfig.deployDirectory Deploying web application directory [F:\JSP\apache-tomcat-9.0.117\webapps\MyApp]
14-Apr-2026 12:21:19.426 INFO [main] org.apache.jasper.servlet.TldScanner.scanJars At least one JAR was scanned for TLDs yet contained no TLDs. Enable debug logging for this logger for a complete list of JARs that were scanned but no TLDs were found in them. Skipping unneeded JARs during scanning can improve startup time and JSP compilation time.
14-Apr-2026 12:21:19.453 INFO [main] org.apache.catalina.startup.HostConfig.deployDirectory Deployment of web application directory [F:\JSP\apache-tomcat-9.0.117\webapps\MyApp] has finished in [197] ms
14-Apr-2026 12:21:19.454 INFO [main] org.apache.catalina.startup.HostConfig.deployDirectory Deploying web application directory [F:\JSP\apache-tomcat-9.0.117\webapps\PharmacyApp]
14-Apr-2026 12:21:19.629 INFO [main] org.apache.jasper.servlet.TldScanner.scanJars At least one JAR was scanned for TLDs yet contained no TLDs. Enable debug logging for this logger for a complete list of JARs that were scanned but no TLDs were found in them. Skipping unneeded JARs during scanning can improve startup time and JSP compilation time.
14-Apr-2026 12:21:19.634 INFO [main] org.apache.catalina.startup.HostConfig.deployDirectory Deployment of web application directory [F:\JSP\apache-tomcat-9.0.117\webapps\PharmacyApp] has finished in [180] ms
14-Apr-2026 12:21:19.635 INFO [main] org.apache.catalina.startup.HostConfig.deployDirectory Deploying web application directory [F:\JSP\apache-tomcat-9.0.117\webapps\ROOT]
14-Apr-2026 12:21:19.803 INFO [main] org.apache.jasper.servlet.TldScanner.scanJars At least one JAR was scanned for TLDs yet contained no TLDs. Enable debug logging for this logger for a complete list of JARs that were scanned but no TLDs were found in them. Skipping unneeded JARs during scanning can improve startup time and JSP compilation time.
14-Apr-2026 12:21:19.806 INFO [main] org.apache.catalina.startup.HostConfig.deployDirectory Deployment of web application directory [F:\JSP\apache-tomcat-9.0.117\webapps\ROOT] has finished in [171] ms
14-Apr-2026 12:21:19.810 INFO [main] org.apache.coyote.AbstractProtocol.start Starting ProtocolHandler ["http-nio-8080"]
14-Apr-2026 12:21:19.841 INFO [main] org.apache.catalina.startup.Catalina.start Server startup in [2189] milliseconds
14-Apr-2026 12:21:29.821 INFO [Catalina-utility-2] org.apache.catalina.startup.HostConfig.reload Reloading context [/PharmacyApp]
14-Apr-2026 12:21:29.821 INFO [Catalina-utility-2] org.apache.catalina.core.StandardContext.reload Reloading Context with name [/PharmacyApp] has started
14-Apr-2026 12:21:29.827 WARNING [Catalina-utility-2] org.apache.catalina.loader.WebappClassLoaderBase.checkThreadLocalsForLeaks When running on Java 9 or later you need to add "--add-opens=java.base/java.lang=ALL-UNNAMED" to the JVM command line arguments to enable ThreadLocal memory leak detection. Alternatively, you can suppress this warning by disabling ThreadLocal memory leak detection.
14-Apr-2026 12:21:29.829 WARNING [Catalina-utility-2] org.apache.catalina.loader.WebappClassLoaderBase.clearReferencesRmiTargets When running on Java 9 or later you need to add "--add-opens=java.rmi/sun.rmi.transport=ALL-UNNAMED" to the JVM command line arguments to enable RMI Target memory leak detection. Alternatively, you can suppress this warning by disabling RMI Target memory leak detection.
14-Apr-2026 12:21:29.990 INFO [Catalina-utility-2] org.apache.jasper.servlet.TldScanner.scanJars At least one JAR was scanned for TLDs yet contained no TLDs. Enable debug logging for this logger for a complete list of JARs that were scanned but no TLDs were found in them. Skipping unneeded JARs during scanning can improve startup time and JSP compilation time.
14-Apr-2026 12:21:29.993 INFO [Catalina-utility-2] org.apache.catalina.core.StandardContext.reload Reloading Context with name [/PharmacyApp] is completed
14-Apr-2026 12:23:40.153 INFO [Catalina-utility-1] org.apache.catalina.startup.HostConfig.reload Reloading context [/PharmacyApp]
14-Apr-2026 12:23:40.154 INFO [Catalina-utility-1] org.apache.catalina.core.StandardContext.reload Reloading Context with name [/PharmacyApp] has started
14-Apr-2026 12:23:40.156 WARNING [Catalina-utility-1] org.apache.catalina.loader.WebappClassLoaderBase.checkThreadLocalsForLeaks When running on Java 9 or later you need to add "--add-opens=java.base/java.lang=ALL-UNNAMED" to the JVM command line arguments to enable ThreadLocal memory leak detection. Alternatively, you can suppress this warning by disabling ThreadLocal memory leak detection.
14-Apr-2026 12:23:40.156 WARNING [Catalina-utility-1] org.apache.catalina.loader.WebappClassLoaderBase.clearReferencesRmiTargets When running on Java 9 or later you need to add "--add-opens=java.rmi/sun.rmi.transport=ALL-UNNAMED" to the JVM command line arguments to enable RMI Target memory leak detection. Alternatively, you can suppress this warning by disabling RMI Target memory leak detection.
14-Apr-2026 12:23:40.313 INFO [Catalina-utility-1] org.apache.jasper.servlet.TldScanner.scanJars At least one JAR was scanned for TLDs yet contained no TLDs. Enable debug logging for this logger for a complete list of JARs that were scanned but no TLDs were found in them. Skipping unneeded JARs during scanning can improve startup time and JSP compilation time.
14-Apr-2026 12:23:40.316 INFO [Catalina-utility-1] org.apache.catalina.core.StandardContext.reload Reloading Context with name [/PharmacyApp] is completed
14-Apr-2026 12:29:16.289 INFO [main] org.apache.catalina.core.StandardServer.await A valid shutdown command was received via the shutdown port. Stopping the Server instance.
14-Apr-2026 12:29:16.289 INFO [main] org.apache.coyote.AbstractProtocol.pause Pausing ProtocolHandler ["http-nio-8080"]
14-Apr-2026 12:29:16.308 INFO [main] org.apache.catalina.core.StandardService.stopInternal Stopping service [Catalina]
14-Apr-2026 12:29:16.312 WARNING [main] org.apache.catalina.loader.WebappClassLoaderBase.checkThreadLocalsForLeaks When running on Java 9 or later you need to add "--add-opens=java.base/java.lang=ALL-UNNAMED" to the JVM command line arguments to enable ThreadLocal memory leak detection. Alternatively, you can suppress this warning by disabling ThreadLocal memory leak detection.
14-Apr-2026 12:29:16.312 WARNING [main] org.apache.catalina.loader.WebappClassLoaderBase.clearReferencesRmiTargets When running on Java 9 or later you need to add "--add-opens=java.rmi/sun.rmi.transport=ALL-UNNAMED" to the JVM command line arguments to enable RMI Target memory leak detection. Alternatively, you can suppress this warning by disabling RMI Target memory leak detection.
14-Apr-2026 12:29:16.317 WARNING [main] org.apache.catalina.loader.WebappClassLoaderBase.checkThreadLocalsForLeaks When running on Java 9 or later you need to add "--add-opens=java.base/java.lang=ALL-UNNAMED" to the JVM command line arguments to enable ThreadLocal memory leak detection. Alternatively, you can suppress this warning by disabling ThreadLocal memory leak detection.
14-Apr-2026 12:29:16.317 WARNING [main] org.apache.catalina.loader.WebappClassLoaderBase.clearReferencesRmiTargets When running on Java 9 or later you need to add "--add-opens=java.rmi/sun.rmi.transport=ALL-UNNAMED" to the JVM command line arguments to enable RMI Target memory leak detection. Alternatively, you can suppress this warning by disabling RMI Target memory leak detection.
14-Apr-2026 12:29:16.319 WARNING [main] org.apache.catalina.loader.WebappClassLoaderBase.checkThreadLocalsForLeaks When running on Java 9 or later you need to add "--add-opens=java.base/java.lang=ALL-UNNAMED" to the JVM command line arguments to enable ThreadLocal memory leak detection. Alternatively, you can suppress this warning by disabling ThreadLocal memory leak detection.
14-Apr-2026 12:29:16.319 WARNING [main] org.apache.catalina.loader.WebappClassLoaderBase.clearReferencesRmiTargets When running on Java 9 or later you need to add "--add-opens=java.rmi/sun.rmi.transport=ALL-UNNAMED" to the JVM command line arguments to enable RMI Target memory leak detection. Alternatively, you can suppress this warning by disabling RMI Target memory leak detection.
14-Apr-2026 12:29:16.323 WARNING [main] org.apache.catalina.loader.WebappClassLoaderBase.checkThreadLocalsForLeaks When running on Java 9 or later you need to add "--add-opens=java.base/java.lang=ALL-UNNAMED" to the JVM command line arguments to enable ThreadLocal memory leak detection. Alternatively, you can suppress this warning by disabling ThreadLocal memory leak detection.
14-Apr-2026 12:29:16.323 WARNING [main] org.apache.catalina.loader.WebappClassLoaderBase.clearReferencesRmiTargets When running on Java 9 or later you need to add "--add-opens=java.rmi/sun.rmi.transport=ALL-UNNAMED" to the JVM command line arguments to enable RMI Target memory leak detection. Alternatively, you can suppress this warning by disabling RMI Target memory leak detection.
14-Apr-2026 12:29:16.324 WARNING [main] org.apache.catalina.loader.WebappClassLoaderBase.checkThreadLocalsForLeaks When running on Java 9 or later you need to add "--add-opens=java.base/java.lang=ALL-UNNAMED" to the JVM command line arguments to enable ThreadLocal memory leak detection. Alternatively, you can suppress this warning by disabling ThreadLocal memory leak detection.
14-Apr-2026 12:29:16.326 WARNING [main] org.apache.catalina.loader.WebappClassLoaderBase.clearReferencesRmiTargets When running on Java 9 or later you need to add "--add-opens=java.rmi/sun.rmi.transport=ALL-UNNAMED" to the JVM command line arguments to enable RMI Target memory leak detection. Alternatively, you can suppress this warning by disabling RMI Target memory leak detection.
14-Apr-2026 12:29:16.327 WARNING [main] org.apache.catalina.loader.WebappClassLoaderBase.checkThreadLocalsForLeaks When running on Java 9 or later you need to add "--add-opens=java.base/java.lang=ALL-UNNAMED" to the JVM command line arguments to enable ThreadLocal memory leak detection. Alternatively, you can suppress this warning by disabling ThreadLocal memory leak detection.
14-Apr-2026 12:29:16.327 WARNING [main] org.apache.catalina.loader.WebappClassLoaderBase.clearReferencesRmiTargets When running on Java 9 or later you need to add "--add-opens=java.rmi/sun.rmi.transport=ALL-UNNAMED" to the JVM command line arguments to enable RMI Target memory leak detection. Alternatively, you can suppress this warning by disabling RMI Target memory leak detection.
14-Apr-2026 12:29:16.330 WARNING [main] org.apache.catalina.loader.WebappClassLoaderBase.checkThreadLocalsForLeaks When running on Java 9 or later you need to add "--add-opens=java.base/java.lang=ALL-UNNAMED" to the JVM command line arguments to enable ThreadLocal memory leak detection. Alternatively, you can suppress this warning by disabling ThreadLocal memory leak detection.
14-Apr-2026 12:29:16.331 WARNING [main] org.apache.catalina.loader.WebappClassLoaderBase.clearReferencesRmiTargets When running on Java 9 or later you need to add "--add-opens=java.rmi/sun.rmi.transport=ALL-UNNAMED" to the JVM command line arguments to enable RMI Target memory leak detection. Alternatively, you can suppress this warning by disabling RMI Target memory leak detection.
14-Apr-2026 12:29:16.331 INFO [main] org.apache.coyote.AbstractProtocol.stop Stopping ProtocolHandler ["http-nio-8080"]
14-Apr-2026 12:29:16.336 INFO [main] org.apache.coyote.AbstractProtocol.destroy Destroying ProtocolHandler ["http-nio-8080"]
14-Apr-2026 12:29:36.642 INFO [main] org.apache.catalina.startup.VersionLoggerListener.log Server version name:   Apache Tomcat/9.0.117
14-Apr-2026 12:29:36.649 INFO [main] org.apache.catalina.startup.VersionLoggerListener.log Server built:          Mar 30 2026 18:21:16 UTC
14-Apr-2026 12:29:36.650 INFO [main] org.apache.catalina.startup.VersionLoggerListener.log Server version number: 9.0.117.0
14-Apr-2026 12:29:36.650 INFO [main] org.apache.catalina.startup.VersionLoggerListener.log OS Name:               Windows 11
14-Apr-2026 12:29:36.651 INFO [main] org.apache.catalina.startup.VersionLoggerListener.log OS Version:            10.0
14-Apr-2026 12:29:36.651 INFO [main] org.apache.catalina.startup.VersionLoggerListener.log Architecture:          amd64
14-Apr-2026 12:29:36.651 INFO [main] org.apache.catalina.startup.VersionLoggerListener.log Java Home:             C:\Users\Aditya Karodiwal\java\jdk-21.0.3+9
14-Apr-2026 12:29:36.651 INFO [main] org.apache.catalina.startup.VersionLoggerListener.log JVM Version:           21.0.3+9-LTS
14-Apr-2026 12:29:36.652 INFO [main] org.apache.catalina.startup.VersionLoggerListener.log JVM Vendor:            Eclipse Adoptium
14-Apr-2026 12:29:36.652 INFO [main] org.apache.catalina.startup.VersionLoggerListener.log CATALINA_BASE:         F:\JSP\apache-tomcat-9.0.117
14-Apr-2026 12:29:36.654 INFO [main] org.apache.catalina.startup.VersionLoggerListener.log CATALINA_HOME:         F:\JSP\apache-tomcat-9.0.117
14-Apr-2026 12:29:36.667 INFO [main] org.apache.catalina.startup.VersionLoggerListener.log Command line argument: --add-opens=java.base/java.lang=ALL-UNNAMED
14-Apr-2026 12:29:36.668 INFO [main] org.apache.catalina.startup.VersionLoggerListener.log Command line argument: --add-opens=java.base/java.lang.invoke=ALL-UNNAMED
14-Apr-2026 12:29:36.668 INFO [main] org.apache.catalina.startup.VersionLoggerListener.log Command line argument: --add-opens=java.base/java.lang.reflect=ALL-UNNAMED
14-Apr-2026 12:29:36.670 INFO [main] org.apache.catalina.startup.VersionLoggerListener.log Command line argument: --add-opens=java.base/java.io=ALL-UNNAMED
14-Apr-2026 12:29:36.670 INFO [main] org.apache.catalina.startup.VersionLoggerListener.log Command line argument: --add-opens=java.base/java.util=ALL-UNNAMED
14-Apr-2026 12:29:36.671 INFO [main] org.apache.catalina.startup.VersionLoggerListener.log Command line argument: --add-opens=java.base/java.util.concurrent=ALL-UNNAMED
14-Apr-2026 12:29:36.672 INFO [main] org.apache.catalina.startup.VersionLoggerListener.log Command line argument: --add-opens=java.rmi/sun.rmi.transport=ALL-UNNAMED
14-Apr-2026 12:29:36.672 INFO [main] org.apache.catalina.startup.VersionLoggerListener.log Command line argument: -Djava.util.logging.config.file=F:\JSP\apache-tomcat-9.0.117\conf\logging.properties
14-Apr-2026 12:29:36.672 INFO [main] org.apache.catalina.startup.VersionLoggerListener.log Command line argument: -Djava.util.logging.manager=org.apache.juli.ClassLoaderLogManager
14-Apr-2026 12:29:36.673 INFO [main] org.apache.catalina.startup.VersionLoggerListener.log Command line argument: -Djdk.tls.ephemeralDHKeySize=2048
14-Apr-2026 12:29:36.673 INFO [main] org.apache.catalina.startup.VersionLoggerListener.log Command line argument: -Djava.protocol.handler.pkgs=org.apache.catalina.webresources
14-Apr-2026 12:29:36.673 INFO [main] org.apache.catalina.startup.VersionLoggerListener.log Command line argument: -Dsun.io.useCanonCaches=false
14-Apr-2026 12:29:36.674 INFO [main] org.apache.catalina.startup.VersionLoggerListener.log Command line argument: -Dignore.endorsed.dirs=
14-Apr-2026 12:29:36.674 INFO [main] org.apache.catalina.startup.VersionLoggerListener.log Command line argument: -Dcatalina.base=F:\JSP\apache-tomcat-9.0.117
14-Apr-2026 12:29:36.674 INFO [main] org.apache.catalina.startup.VersionLoggerListener.log Command line argument: -Dcatalina.home=F:\JSP\apache-tomcat-9.0.117
14-Apr-2026 12:29:36.674 INFO [main] org.apache.catalina.startup.VersionLoggerListener.log Command line argument: -Djava.io.tmpdir=F:\JSP\apache-tomcat-9.0.117\temp
14-Apr-2026 12:29:36.681 INFO [main] org.apache.catalina.core.AprLifecycleListener.lifecycleEvent Loaded Apache Tomcat Native library [1.3.7] using APR version [1.7.6].
14-Apr-2026 12:29:36.681 INFO [main] org.apache.catalina.core.AprLifecycleListener.lifecycleEvent APR capabilities: IPv6 [true], sendfile [true], accept filters [false], random [true], UDS [true].
14-Apr-2026 12:29:36.681 INFO [main] org.apache.catalina.core.AprLifecycleListener.lifecycleEvent APR/OpenSSL configuration: useAprConnector [false], useOpenSSL [true]
14-Apr-2026 12:29:36.689 INFO [main] org.apache.catalina.core.AprLifecycleListener.initializeSSL OpenSSL successfully initialized [OpenSSL 3.0.19 27 Jan 2026]
14-Apr-2026 12:29:37.147 INFO [main] org.apache.coyote.AbstractProtocol.init Initializing ProtocolHandler ["http-nio-8080"]
14-Apr-2026 12:29:37.176 INFO [main] org.apache.catalina.startup.Catalina.load Server initialization in [751] milliseconds
14-Apr-2026 12:29:37.239 INFO [main] org.apache.catalina.core.StandardService.startInternal Starting service [Catalina]
14-Apr-2026 12:29:37.240 INFO [main] org.apache.catalina.core.StandardEngine.startInternal Starting Servlet engine: [Apache Tomcat/9.0.117]
14-Apr-2026 12:29:37.252 INFO [main] org.apache.catalina.startup.HostConfig.deployDirectory Deploying web application directory [F:\JSP\apache-tomcat-9.0.117\webapps\docs]
14-Apr-2026 12:29:38.032 INFO [main] org.apache.jasper.servlet.TldScanner.scanJars At least one JAR was scanned for TLDs yet contained no TLDs. Enable debug logging for this logger for a complete list of JARs that were scanned but no TLDs were found in them. Skipping unneeded JARs during scanning can improve startup time and JSP compilation time.
14-Apr-2026 12:29:38.101 INFO [main] org.apache.catalina.startup.HostConfig.deployDirectory Deployment of web application directory [F:\JSP\apache-tomcat-9.0.117\webapps\docs] has finished in [849] ms
14-Apr-2026 12:29:38.101 INFO [main] org.apache.catalina.startup.HostConfig.deployDirectory Deploying web application directory [F:\JSP\apache-tomcat-9.0.117\webapps\examples]
14-Apr-2026 12:29:38.566 INFO [main] org.apache.jasper.servlet.TldScanner.scanJars At least one JAR was scanned for TLDs yet contained no TLDs. Enable debug logging for this logger for a complete list of JARs that were scanned but no TLDs were found in them. Skipping unneeded JARs during scanning can improve startup time and JSP compilation time.
14-Apr-2026 12:29:38.633 INFO [main] org.apache.catalina.startup.HostConfig.deployDirectory Deployment of web application directory [F:\JSP\apache-tomcat-9.0.117\webapps\examples] has finished in [531] ms
14-Apr-2026 12:29:38.633 INFO [main] org.apache.catalina.startup.HostConfig.deployDirectory Deploying web application directory [F:\JSP\apache-tomcat-9.0.117\webapps\host-manager]
14-Apr-2026 12:29:38.868 INFO [main] org.apache.jasper.servlet.TldScanner.scanJars At least one JAR was scanned for TLDs yet contained no TLDs. Enable debug logging for this logger for a complete list of JARs that were scanned but no TLDs were found in them. Skipping unneeded JARs during scanning can improve startup time and JSP compilation time.
14-Apr-2026 12:29:38.879 INFO [main] org.apache.catalina.startup.HostConfig.deployDirectory Deployment of web application directory [F:\JSP\apache-tomcat-9.0.117\webapps\host-manager] has finished in [246] ms
14-Apr-2026 12:29:38.880 INFO [main] org.apache.catalina.startup.HostConfig.deployDirectory Deploying web application directory [F:\JSP\apache-tomcat-9.0.117\webapps\manager]
14-Apr-2026 12:29:39.118 INFO [main] org.apache.jasper.servlet.TldScanner.scanJars At least one JAR was scanned for TLDs yet contained no TLDs. Enable debug logging for this logger for a complete list of JARs that were scanned but no TLDs were found in them. Skipping unneeded JARs during scanning can improve startup time and JSP compilation time.
14-Apr-2026 12:29:39.124 INFO [main] org.apache.catalina.startup.HostConfig.deployDirectory Deployment of web application directory [F:\JSP\apache-tomcat-9.0.117\webapps\manager] has finished in [242] ms
14-Apr-2026 12:29:39.124 INFO [main] org.apache.catalina.startup.HostConfig.deployDirectory Deploying web application directory [F:\JSP\apache-tomcat-9.0.117\webapps\MyApp]
14-Apr-2026 12:29:39.323 INFO [main] org.apache.jasper.servlet.TldScanner.scanJars At least one JAR was scanned for TLDs yet contained no TLDs. Enable debug logging for this logger for a complete list of JARs that were scanned but no TLDs were found in them. Skipping unneeded JARs during scanning can improve startup time and JSP compilation time.
14-Apr-2026 12:29:39.332 INFO [main] org.apache.catalina.startup.HostConfig.deployDirectory Deployment of web application directory [F:\JSP\apache-tomcat-9.0.117\webapps\MyApp] has finished in [208] ms
14-Apr-2026 12:29:39.333 INFO [main] org.apache.catalina.startup.HostConfig.deployDirectory Deploying web application directory [F:\JSP\apache-tomcat-9.0.117\webapps\PharmacyApp]
14-Apr-2026 12:29:39.536 INFO [main] org.apache.jasper.servlet.TldScanner.scanJars At least one JAR was scanned for TLDs yet contained no TLDs. Enable debug logging for this logger for a complete list of JARs that were scanned but no TLDs were found in them. Skipping unneeded JARs during scanning can improve startup time and JSP compilation time.
14-Apr-2026 12:29:39.541 INFO [main] org.apache.catalina.startup.HostConfig.deployDirectory Deployment of web application directory [F:\JSP\apache-tomcat-9.0.117\webapps\PharmacyApp] has finished in [206] ms
14-Apr-2026 12:29:39.542 INFO [main] org.apache.catalina.startup.HostConfig.deployDirectory Deploying web application directory [F:\JSP\apache-tomcat-9.0.117\webapps\ROOT]
14-Apr-2026 12:29:39.734 INFO [main] org.apache.jasper.servlet.TldScanner.scanJars At least one JAR was scanned for TLDs yet contained no TLDs. Enable debug logging for this logger for a complete list of JARs that were scanned but no TLDs were found in them. Skipping unneeded JARs during scanning can improve startup time and JSP compilation time.
14-Apr-2026 12:29:39.737 INFO [main] org.apache.catalina.startup.HostConfig.deployDirectory Deployment of web application directory [F:\JSP\apache-tomcat-9.0.117\webapps\ROOT] has finished in [195] ms
14-Apr-2026 12:29:39.741 INFO [main] org.apache.coyote.AbstractProtocol.start Starting ProtocolHandler ["http-nio-8080"]
14-Apr-2026 12:29:39.774 INFO [main] org.apache.catalina.startup.Catalina.start Server startup in [2595] milliseconds
14-Apr-2026 12:51:55.829 INFO [main] org.apache.catalina.core.StandardServer.await A valid shutdown command was received via the shutdown port. Stopping the Server instance.
14-Apr-2026 12:51:55.829 INFO [main] org.apache.coyote.AbstractProtocol.pause Pausing ProtocolHandler ["http-nio-8080"]
14-Apr-2026 12:51:55.848 INFO [main] org.apache.catalina.core.StandardService.stopInternal Stopping service [Catalina]
14-Apr-2026 12:51:55.907 INFO [main] org.apache.coyote.AbstractProtocol.stop Stopping ProtocolHandler ["http-nio-8080"]
14-Apr-2026 12:51:55.922 INFO [main] org.apache.coyote.AbstractProtocol.destroy Destroying ProtocolHandler ["http-nio-8080"]
